<?xml version="1.0" encoding="utf-8"?><testsuites name="pytest tests"><testsuite name="pytest" errors="0" failures="0" skipped="0" tests="6" time="2.825" timestamp="2026-05-20T15:42:36.199945+00:00" hostname="agent-env-e11daeae-636b-49a3-9b65-e3d624a585d6"><testcase classname="backend.tests.test_contact_api.TestHealth" name="test_root" time="1.876" /><testcase classname="backend.tests.test_contact_api.TestContact" name="test_create_contact_full_payload" time="0.234" /><testcase classname="backend.tests.test_contact_api.TestContact" name="test_create_contact_minimum_required" time="0.171" /><testcase classname="backend.tests.test_contact_api.TestContact" name="test_create_contact_invalid_email" time="0.113" /><testcase classname="backend.tests.test_contact_api.TestContact" name="test_create_contact_missing_required" time="0.105" /><testcase classname="backend.tests.test_contact_api.TestContact" name="test_list_contacts" time="0.109" /></testsuite></testsuites>